  ofxOpenPoseOut.vcxproj -> C:\Users\Hex\Documents\Art\of_v0.9.8_vs_release\apps\ofxOpenPoseOut\ofxOpenPoseOut\bin\ofxOpenPoseOut.exe
  
  	                   9	C:\Users\Hex\Documents\Art\of_v0.9.8_vs_release\export\vs\x64\
  	  *EXTRA File 		   33280	C:\Users\Hex\Documents\Art\of_v0.9.8_vs_release\apps\ofxOpenPoseOut\ofxOpenPoseOut\bin\boost_chrono-vc140-mt-1_61.dll
  	  *EXTRA File 		  138752	C:\Users\Hex\Documents\Art\of_v0.9.8_vs_release\apps\ofxOpenPoseOut\ofxOpenPoseOut\bin\boost_filesystem-vc140-mt-1_61.dll
  	  *EXTRA File 		  288768	C:\Users\Hex\Documents\Art\of_v0.9.8_vs_release\apps\ofxOpenPoseOut\ofxOpenPoseOut\bin\boost_python-vc140-mt-1_61.dll
  	  *EXTRA File 		   24576	C:\Users\Hex\Documents\Art\of_v0.9.8_vs_release\apps\ofxOpenPoseOut\ofxOpenPoseOut\bin\boost_system-vc140-mt-1_61.dll
  	  *EXTRA File 		  115712	C:\Users\Hex\Documents\Art\of_v0.9.8_vs_release\apps\ofxOpenPoseOut\ofxOpenPoseOut\bin\boost_thread-vc140-mt-1_61.dll
  	  *EXTRA File 		14182912	C:\Users\Hex\Documents\Art\of_v0.9.8_vs_release\apps\ofxOpenPoseOut\ofxOpenPoseOut\bin\caffe.dll
  	  *EXTRA File 		 2307072	C:\Users\Hex\Documents\Art\of_v0.9.8_vs_release\apps\ofxOpenPoseOut\ofxOpenPoseOut\bin\caffehdf5.dll
  	  *EXTRA File 		  104448	C:\Users\Hex\Documents\Art\of_v0.9.8_vs_release\apps\ofxOpenPoseOut\ofxOpenPoseOut\bin\caffehdf5_hl.dll
  	  *EXTRA File 		   82432	C:\Users\Hex\Documents\Art\of_v0.9.8_vs_release\apps\ofxOpenPoseOut\ofxOpenPoseOut\bin\caffezlib1.dll
  	  *EXTRA File 		41689656	C:\Users\Hex\Documents\Art\of_v0.9.8_vs_release\apps\ofxOpenPoseOut\ofxOpenPoseOut\bin\cublas64_80.dll
  	  *EXTRA File 		  367672	C:\Users\Hex\Documents\Art\of_v0.9.8_vs_release\apps\ofxOpenPoseOut\ofxOpenPoseOut\bin\cudart64_80.dll
  	  *EXTRA File 		83148288	C:\Users\Hex\Documents\Art\of_v0.9.8_vs_release\apps\ofxOpenPoseOut\ofxOpenPoseOut\bin\cudnn64_5.dll
  	  *EXTRA File 		48008248	C:\Users\Hex\Documents\Art\of_v0.9.8_vs_release\apps\ofxOpenPoseOut\ofxOpenPoseOut\bin\curand64_80.dll
  	  *EXTRA File 		  139776	C:\Users\Hex\Documents\Art\of_v0.9.8_vs_release\apps\ofxOpenPoseOut\ofxOpenPoseOut\bin\gflags.dll
  	  *EXTRA File 		  114176	C:\Users\Hex\Documents\Art\of_v0.9.8_vs_release\apps\ofxOpenPoseOut\ofxOpenPoseOut\bin\glog.dll
  	  *EXTRA File 		   82432	C:\Users\Hex\Documents\Art\of_v0.9.8_vs_release\apps\ofxOpenPoseOut\ofxOpenPoseOut\bin\libgcc_s_seh-1.dll
  	  *EXTRA File 		 1279488	C:\Users\Hex\Documents\Art\of_v0.9.8_vs_release\apps\ofxOpenPoseOut\ofxOpenPoseOut\bin\libgfortran-3.dll
  	  *EXTRA File 		38340126	C:\Users\Hex\Documents\Art\of_v0.9.8_vs_release\apps\ofxOpenPoseOut\ofxOpenPoseOut\bin\libopenblas.dll
  	  *EXTRA File 		  331776	C:\Users\Hex\Documents\Art\of_v0.9.8_vs_release\apps\ofxOpenPoseOut\ofxOpenPoseOut\bin\libquadmath-0.dll
  	  *EXTRA File 		11057152	C:\Users\Hex\Documents\Art\of_v0.9.8_vs_release\apps\ofxOpenPoseOut\ofxOpenPoseOut\bin\opencv_core310.dll
  	  *EXTRA File 		12954112	C:\Users\Hex\Documents\Art\of_v0.9.8_vs_release\apps\ofxOpenPoseOut\ofxOpenPoseOut\bin\opencv_ffmpeg310_64.dll
  	  *EXTRA File 		 2758144	C:\Users\Hex\Documents\Art\of_v0.9.8_vs_release\apps\ofxOpenPoseOut\ofxOpenPoseOut\bin\opencv_imgcodecs310.dll
  	  *EXTRA File 		25570304	C:\Users\Hex\Documents\Art\of_v0.9.8_vs_release\apps\ofxOpenPoseOut\ofxOpenPoseOut\bin\opencv_imgproc310.dll
  	  *EXTRA File 		43164672	C:\Users\Hex\Documents\Art\of_v0.9.8_vs_release\apps\ofxOpenPoseOut\ofxOpenPoseOut\bin\opencv_world310.dll
  	  *EXTRA File 		68158464	C:\Users\Hex\Documents\Art\of_v0.9.8_vs_release\apps\ofxOpenPoseOut\ofxOpenPoseOut\bin\opencv_world310d.dll
  	  *EXTRA File 		 5538816	C:\Users\Hex\Documents\Art\of_v0.9.8_vs_release\apps\ofxOpenPoseOut\ofxOpenPoseOut\bin\OpenPose.dll
  	  *EXTRA File 		 3407360	C:\Users\Hex\Documents\Art\of_v0.9.8_vs_release\apps\ofxOpenPoseOut\ofxOpenPoseOut\bin\python27.dll
  	  *EXTRA File 		   87888	C:\Users\Hex\Documents\Art\of_v0.9.8_vs_release\apps\ofxOpenPoseOut\ofxOpenPoseOut\bin\VCRUNTIME140.dll
